[24-Aug-2025 22:34:03] NOTICE: fpm is running, pid 42879
[24-Aug-2025 22:34:03] NOTICE: ready to handle connections
[24-Aug-2025 22:46:50] NOTICE: Terminating ...
[24-Aug-2025 22:46:50] NOTICE: Terminating ...
[24-Aug-2025 22:46:50] NOTICE: exiting, bye-bye!
[24-Aug-2025 22:49:14] NOTICE: fpm is running, pid 51117
[24-Aug-2025 22:49:14] NOTICE: ready to handle connections
[28-Aug-2025 11:09:52] NOTICE: Terminating ...
[28-Aug-2025 11:09:52] NOTICE: Terminating ...
[28-Aug-2025 11:09:52] NOTICE: exiting, bye-bye!
[03-Sep-2025 09:52:55] NOTICE: fpm is running, pid 27771
[03-Sep-2025 09:52:55] NOTICE: ready to handle connections
[03-Sep-2025 12:49:06] NOTICE: Terminating ...
[03-Sep-2025 12:49:06] NOTICE: Terminating ...
[03-Sep-2025 12:49:06] NOTICE: exiting, bye-bye!
[03-Sep-2025 12:49:09] NOTICE: fpm is running, pid 61010
[03-Sep-2025 12:49:09] NOTICE: ready to handle connections
[03-Sep-2025 13:11:29] NOTICE: Terminating ...
[03-Sep-2025 13:11:29] NOTICE: Terminating ...
[03-Sep-2025 13:11:29] NOTICE: exiting, bye-bye!
[03-Sep-2025 13:11:31] NOTICE: fpm is running, pid 71311
[03-Sep-2025 13:11:31] NOTICE: ready to handle connections
[03-Sep-2025 13:11:48] NOTICE: Terminating ...
[03-Sep-2025 13:11:48] NOTICE: Terminating ...
[03-Sep-2025 13:11:48] NOTICE: exiting, bye-bye!
[03-Sep-2025 13:12:40] NOTICE: fpm is running, pid 72039
[03-Sep-2025 13:12:40] NOTICE: ready to handle connections
